TN:
SF:src/env.ts
FNF:0
FNH:0
DA:1,1
DA:2,1
DA:4,1
DA:23,1
DA:67,1
DA:69,1
DA:70,0
DA:73,1
LF:8
LH:7
BRDA:69,0,0,0
BRDA:69,0,1,1
BRF:2
BRH:1
end_of_record
TN:
SF:src/entities/Contract.ts
FN:10,(anonymous_3)
FN:80,Contract
FN:29,(anonymous_5)
FN:29,(anonymous_6)
FN:38,(anonymous_7)
FN:38,(anonymous_8)
FN:56,(anonymous_9)
FN:56,(anonymous_10)
FN:59,(anonymous_11)
FN:59,(anonymous_12)
FNF:10
FNH:10
FNDA:1,(anonymous_3)
FNDA:161,Contract
FNDA:1,(anonymous_5)
FNDA:1,(anonymous_6)
FNDA:1,(anonymous_7)
FNDA:1,(anonymous_8)
FNDA:1,(anonymous_9)
FNDA:1,(anonymous_10)
FNDA:1,(anonymous_11)
FNDA:1,(anonymous_12)
DA:1,1
DA:2,1
DA:3,1
DA:4,1
DA:5,1
DA:6,1
DA:7,1
DA:10,1
DA:15,1
DA:21,1
DA:27,1
DA:29,1
DA:30,1
DA:36,1
DA:38,1
DA:39,1
DA:48,1
DA:54,1
DA:56,1
DA:57,1
DA:59,1
DA:60,1
DA:66,1
DA:72,1
DA:78,1
DA:81,161
DA:82,161
DA:85,1
LF:28
LH:28
BRDA:81,0,0,161
BRDA:81,0,1,0
BRF:2
BRH:1
end_of_record
TN:
SF:src/entities/Pilot.ts
FN:11,(anonymous_3)
FN:81,Pilot
FN:50,(anonymous_5)
FN:50,(anonymous_6)
FN:59,(anonymous_7)
FN:59,(anonymous_8)
FN:63,(anonymous_9)
FN:63,(anonymous_10)
FN:66,(anonymous_11)
FN:66,(anonymous_12)
FNF:10
FNH:10
FNDA:1,(anonymous_3)
FNDA:557,Pilot
FNDA:1,(anonymous_5)
FNDA:1,(anonymous_6)
FNDA:1,(anonymous_7)
FNDA:1,(anonymous_8)
FNDA:1,(anonymous_9)
FNDA:1,(anonymous_10)
FNDA:1,(anonymous_11)
FNDA:1,(anonymous_12)
DA:1,1
DA:2,1
DA:3,1
DA:4,1
DA:5,1
DA:6,1
DA:7,1
DA:8,1
DA:11,1
DA:15,1
DA:21,1
DA:27,1
DA:33,1
DA:42,1
DA:48,1
DA:50,1
DA:51,1
DA:57,1
DA:59,1
DA:61,1
DA:63,1
DA:64,1
DA:66,1
DA:67,1
DA:73,1
DA:79,1
DA:82,557
DA:83,557
DA:86,1
LF:29
LH:29
BRDA:82,0,0,557
BRDA:82,0,1,0
BRF:2
BRH:1
end_of_record
TN:
SF:src/entities/Planet.ts
FN:7,(anonymous_4)
FN:45,Planet
FN:26,(anonymous_6)
FN:20,(anonymous_7)
FN:20,(anonymous_8)
FN:23,(anonymous_9)
FN:23,(anonymous_10)
FN:30,(anonymous_11)
FN:30,(anonymous_12)
FNF:9
FNH:8
FNDA:1,(anonymous_4)
FNDA:529,Planet
FNDA:0,(anonymous_6)
FNDA:1,(anonymous_7)
FNDA:1,(anonymous_8)
FNDA:1,(anonymous_9)
FNDA:1,(anonymous_10)
FNDA:1,(anonymous_11)
FNDA:1,(anonymous_12)
DA:1,1
DA:2,1
DA:3,1
DA:4,1
DA:7,1
DA:12,1
DA:18,1
DA:20,1
DA:21,1
DA:23,1
DA:24,1
DA:26,1
DA:27,0
DA:30,1
DA:31,1
DA:37,1
DA:43,1
DA:46,529
DA:47,529
DA:50,1
LF:20
LH:19
BRDA:46,0,0,529
BRDA:46,0,1,0
BRF:2
BRH:1
end_of_record
TN:
SF:src/entities/Refill.ts
FN:6,(anonymous_2)
FN:40,Refill
FN:25,(anonymous_4)
FN:25,(anonymous_5)
FNF:4
FNH:4
FNDA:1,(anonymous_2)
FNDA:601,Refill
FNDA:1,(anonymous_4)
FNDA:1,(anonymous_5)
DA:1,1
DA:2,1
DA:3,1
DA:6,1
DA:11,1
DA:17,1
DA:23,1
DA:25,1
DA:26,1
DA:32,1
DA:38,1
DA:41,601
DA:42,601
DA:45,1
LF:14
LH:14
BRDA:41,0,0,601
BRDA:41,0,1,0
BRF:2
BRH:1
end_of_record
TN:
SF:src/entities/Resource.ts
FN:6,(anonymous_2)
FN:46,Resource
FN:31,(anonymous_4)
FN:31,(anonymous_5)
FNF:4
FNH:4
FNDA:1,(anonymous_2)
FNDA:1001,Resource
FNDA:1,(anonymous_4)
FNDA:1,(anonymous_5)
DA:1,1
DA:2,1
DA:3,1
DA:6,1
DA:11,1
DA:17,1
DA:23,1
DA:29,1
DA:31,1
DA:32,1
DA:38,1
DA:44,1
DA:47,1001
DA:48,1001
DA:51,1
LF:15
LH:15
BRDA:47,0,0,1001
BRDA:47,0,1,0
BRF:2
BRH:1
end_of_record
TN:
SF:src/entities/Ship.ts
FN:6,(anonymous_2)
FN:52,Ship
FN:37,(anonymous_4)
FN:37,(anonymous_5)
FNF:4
FNH:4
FNDA:1,(anonymous_2)
FNDA:243,Ship
FNDA:1,(anonymous_4)
FNDA:1,(anonymous_5)
DA:1,1
DA:2,1
DA:3,1
DA:6,1
DA:11,1
DA:17,1
DA:23,1
DA:29,1
DA:35,1
DA:37,1
DA:38,1
DA:44,1
DA:50,1
DA:53,243
DA:54,243
DA:57,1
LF:16
LH:16
BRDA:53,0,0,243
BRDA:53,0,1,0
BRF:2
BRH:1
end_of_record
TN:
SF:src/entities/TravellingData.ts
FN:5,(anonymous_2)
FN:18,(anonymous_4)
FN:27,(anonymous_5)
FNF:3
FNH:3
FNDA:2,(anonymous_2)
FNDA:1,(anonymous_4)
FNDA:1,(anonymous_5)
DA:1,1
DA:2,1
DA:5,1
DA:10,1
DA:16,1
DA:18,1
DA:19,1
DA:25,1
DA:27,1
DA:28,1
DA:34,1
DA:40,1
DA:46,1
DA:47,1
LF:14
LH:14
BRF:0
BRH:0
end_of_record
TN:
SF:src/helpers/decimalTransformer.ts
FN:5,(anonymous_1)
FN:6,(anonymous_2)
FNF:2
FNH:2
FNDA:425,(anonymous_1)
FNDA:264,(anonymous_2)
DA:2,1
DA:4,1
DA:5,425
DA:6,264
LF:4
LH:4
BRDA:5,0,0,425
BRDA:5,0,1,0
BRDA:6,1,0,264
BRDA:6,1,1,0
BRF:4
BRH:2
end_of_record
TN:
SF:src/helpers/luhn.ts
FN:1,isLuhnValid
FN:7,(anonymous_1)
FN:15,(anonymous_2)
FN:19,generateLuhnCheckDigit
FN:20,(anonymous_4)
FN:27,(anonymous_5)
FNF:6
FNH:3
FNDA:0,isLuhnValid
FNDA:0,(anonymous_1)
FNDA:0,(anonymous_2)
FNDA:217,generateLuhnCheckDigit
FNDA:1302,(anonymous_4)
FNDA:1302,(anonymous_5)
DA:1,1
DA:2,0
DA:3,0
DA:7,0
DA:8,0
DA:9,0
DA:10,0
DA:11,0
DA:12,0
DA:15,0
DA:16,0
DA:19,1
DA:20,1302
DA:21,217
DA:22,651
DA:23,651
DA:24,651
DA:27,1302
DA:28,217
LF:19
LH:9
BRDA:2,0,0,0
BRDA:2,0,1,0
BRDA:11,1,0,0
BRDA:11,1,1,0
BRDA:23,2,0,319
BRDA:23,2,1,332
BRF:6
BRH:2
end_of_record
TN:
SF:src/helpers/precisionNumbers.ts
FNF:0
FNH:0
DA:1,1
LF:1
LH:1
BRF:0
BRH:0
end_of_record
